# JRE version: OpenJDK Runtime Environment (17.0.13+11) (build 17.0.13+11-Debian-2deb12u1)
# Java VM: OpenJDK 64-Bit Server VM (17.0.13+11-Debian-2deb12u1, mixed mode, sharing, tiered, compressed oops, compressed class ptrs, g1 gc, linux-amd64)
GC Precious Log:
 CPUs: 20 total, 20 available
 Memory: 31782M
 Large Page Support: Disabled
 NUMA Support: Disabled
 Compressed Oops: Enabled (Zero based)
 Heap Region Size: 4M
 Heap Min Capacity: 8M
 Heap Initial Capacity: 500M
 Heap Max Capacity: 7948M
 Pre-touch: Disabled
 Parallel Workers: 15
 Concurrent Workers: 4
 Concurrent Refinement Workers: 15
 Periodic GC: Disabled
Heap:
 garbage-first heap   total 299008K, used 21858K [0x000000060f400000, 0x0000000800000000)
  region size 4096K, 3 young (12288K), 2 survivors (8192K)
 Metaspace       used 30252K, committed 30592K, reserved 1114112K
  class space    used 3586K, committed 3776K, reserved 1048576K
GC Heap History (12 events):
Event: 0.198 GC heap before
{Heap before GC invocations=0 (full 0):
 garbage-first heap   total 520192K, used 28592K [0x000000060f400000, 0x0000000800000000)
  region size 4096K, 6 young (24576K), 0 survivors (0K)
 Metaspace       used 5559K, committed 5760K, reserved 1114112K
  class space    used 676K, committed 768K, reserved 1048576K
}
Event: 0.200 GC heap after
{Heap after GC invocations=1 (full 0):
 garbage-first heap   total 520192K, used 7225K [0x000000060f400000, 0x0000000800000000)
  region size 4096K, 1 young (4096K), 1 survivors (4096K)
 Metaspace       used 5559K, committed 5760K, reserved 1114112K
  class space    used 676K, committed 768K, reserved 1048576K
}
Event: 0.350 GC heap before
{Heap before GC invocations=1 (full 0):
 garbage-first heap   total 520192K, used 35897K [0x000000060f400000, 0x0000000800000000)
  region size 4096K, 8 young (32768K), 1 survivors (4096K)
 Metaspace       used 9824K, committed 9984K, reserved 1114112K
  class space    used 1200K, committed 1280K, reserved 1048576K
}
Event: 0.352 GC heap after
{Heap after GC invocations=2 (full 0):
 garbage-first heap   total 520192K, used 8662K [0x000000060f400000, 0x0000000800000000)
  region size 4096K, 1 young (4096K), 1 survivors (4096K)
 Metaspace       used 9824K, committed 9984K, reserved 1114112K
  class space    used 1200K, committed 1280K, reserved 1048576K
}
Event: 0.803 GC heap before
{Heap before GC invocations=2 (full 0):
 garbage-first heap   total 520192K, used 82390K [0x000000060f400000, 0x0000000800000000)
  region size 4096K, 20 young (81920K), 1 survivors (4096K)
 Metaspace       used 21312K, committed 21504K, reserved 1114112K
  class space    used 2596K, committed 2688K, reserved 1048576K
}
Event: 0.807 GC heap after
{Heap after GC invocations=3 (full 0):
 garbage-first heap   total 520192K, used 14253K [0x000000060f400000, 0x0000000800000000)
  region size 4096K, 2 young (8192K), 2 survivors (8192K)
 Metaspace       used 21312K, committed 21504K, reserved 1114112K
  class space    used 2596K, committed 2688K, reserved 1048576K
}
Event: 1.060 GC heap before
{Heap before GC invocations=4 (full 0):
 garbage-first heap   total 81920K, used 59309K [0x000000060f400000, 0x0000000800000000)
  region size 4096K, 14 young (57344K), 2 survivors (8192K)
 Metaspace       used 26810K, committed 27072K, reserved 1114112K
  class space    used 3218K, committed 3328K, reserved 1048576K
}
Event: 1.064 GC heap after
{Heap after GC invocations=5 (full 0):
 garbage-first heap   total 81920K, used 16603K [0x000000060f400000, 0x0000000800000000)
  region size 4096K, 3 young (12288K), 3 survivors (12288K)
 Metaspace       used 26810K, committed 27072K, reserved 1114112K
  class space    used 3218K, committed 3328K, reserved 1048576K
}
Event: 1.078 GC heap before
{Heap before GC invocations=5 (full 0):
 garbage-first heap   total 81920K, used 20699K [0x000000060f400000, 0x0000000800000000)
  region size 4096K, 4 young (16384K), 3 survivors (12288K)
 Metaspace       used 26938K, committed 27200K, reserved 1114112K
  class space    used 3218K, committed 3328K, reserved 1048576K
}
Event: 1.083 GC heap after
{Heap after GC invocations=6 (full 0):
 garbage-first heap   total 81920K, used 17510K [0x000000060f400000, 0x0000000800000000)
  region size 4096K, 1 young (4096K), 1 survivors (4096K)
 Metaspace       used 26938K, committed 27200K, reserved 1114112K
  class space    used 3218K, committed 3328K, reserved 1048576K
}
Event: 1.372 GC heap before
{Heap before GC invocations=6 (full 0):
 garbage-first heap   total 81920K, used 54374K [0x000000060f400000, 0x0000000800000000)
  region size 4096K, 10 young (40960K), 1 survivors (4096K)
 Metaspace       used 30244K, committed 30592K, reserved 1114112K
  class space    used 3586K, committed 3776K, reserved 1048576K
}
Event: 1.388 GC heap after
{Heap after GC invocations=7 (full 0):
 garbage-first heap   total 299008K, used 21858K [0x000000060f400000, 0x0000000800000000)
  region size 4096K, 2 young (8192K), 2 survivors (8192K)
 Metaspace       used 30244K, committed 30592K, reserved 1114112K
  class space    used 3586K, committed 3776K, reserved 1048576K
}

