# JRE version: OpenJDK Runtime Environment (17.0.13+11) (build 17.0.13+11-Debian-2deb12u1)
# Java VM: OpenJDK 64-Bit Server VM (17.0.13+11-Debian-2deb12u1, mixed mode, sharing, tiered, compressed oops, compressed class ptrs, g1 gc, linux-amd64)
GC Precious Log:
 CPUs: 20 total, 20 available
 Memory: 31782M
 Large Page Support: Disabled
 NUMA Support: Disabled
 Compressed Oops: Enabled (Zero based)
 Heap Region Size: 4M
 Heap Min Capacity: 8M
 Heap Initial Capacity: 500M
 Heap Max Capacity: 7948M
 Pre-touch: Disabled
 Parallel Workers: 15
 Concurrent Workers: 4
 Concurrent Refinement Workers: 15
 Periodic GC: Disabled
Heap:
 garbage-first heap   total 299008K, used 22417K [0x000000060f400000, 0x0000000800000000)
  region size 4096K, 3 young (12288K), 2 survivors (8192K)
 Metaspace       used 30260K, committed 30656K, reserved 1114112K
  class space    used 3591K, committed 3776K, reserved 1048576K
GC Heap History (12 events):
Event: 0.215 GC heap before
{Heap before GC invocations=0 (full 0):
 garbage-first heap   total 520192K, used 28592K [0x000000060f400000, 0x0000000800000000)
  region size 4096K, 6 young (24576K), 0 survivors (0K)
 Metaspace       used 5525K, committed 5760K, reserved 1114112K
  class space    used 671K, committed 768K, reserved 1048576K
}
Event: 0.217 GC heap after
{Heap after GC invocations=1 (full 0):
 garbage-first heap   total 520192K, used 7241K [0x000000060f400000, 0x0000000800000000)
  region size 4096K, 1 young (4096K), 1 survivors (4096K)
 Metaspace       used 5525K, committed 5760K, reserved 1114112K
  class space    used 671K, committed 768K, reserved 1048576K
}
Event: 0.376 GC heap before
{Heap before GC invocations=1 (full 0):
 garbage-first heap   total 520192K, used 35913K [0x000000060f400000, 0x0000000800000000)
  region size 4096K, 8 young (32768K), 1 survivors (4096K)
 Metaspace       used 9794K, committed 9984K, reserved 1114112K
  class space    used 1197K, committed 1280K, reserved 1048576K
}
Event: 0.379 GC heap after
{Heap after GC invocations=2 (full 0):
 garbage-first heap   total 520192K, used 8657K [0x000000060f400000, 0x0000000800000000)
  region size 4096K, 1 young (4096K), 1 survivors (4096K)
 Metaspace       used 9794K, committed 9984K, reserved 1114112K
  class space    used 1197K, committed 1280K, reserved 1048576K
}
Event: 0.832 GC heap before
{Heap before GC invocations=2 (full 0):
 garbage-first heap   total 520192K, used 82385K [0x000000060f400000, 0x0000000800000000)
  region size 4096K, 20 young (81920K), 1 survivors (4096K)
 Metaspace       used 21286K, committed 21504K, reserved 1114112K
  class space    used 2594K, committed 2688K, reserved 1048576K
}
Event: 0.837 GC heap after
{Heap after GC invocations=3 (full 0):
 garbage-first heap   total 520192K, used 14273K [0x000000060f400000, 0x0000000800000000)
  region size 4096K, 2 young (8192K), 2 survivors (8192K)
 Metaspace       used 21286K, committed 21504K, reserved 1114112K
  class space    used 2594K, committed 2688K, reserved 1048576K
}
Event: 1.093 GC heap before
{Heap before GC invocations=4 (full 0):
 garbage-first heap   total 81920K, used 59329K [0x000000060f400000, 0x0000000800000000)
  region size 4096K, 14 young (57344K), 2 survivors (8192K)
 Metaspace       used 26862K, committed 27136K, reserved 1114112K
  class space    used 3223K, committed 3328K, reserved 1048576K
}
Event: 1.097 GC heap after
{Heap after GC invocations=5 (full 0):
 garbage-first heap   total 81920K, used 16484K [0x000000060f400000, 0x0000000800000000)
  region size 4096K, 3 young (12288K), 3 survivors (12288K)
 Metaspace       used 26862K, committed 27136K, reserved 1114112K
  class space    used 3223K, committed 3328K, reserved 1048576K
}
Event: 1.111 GC heap before
{Heap before GC invocations=5 (full 0):
 garbage-first heap   total 81920K, used 20580K [0x000000060f400000, 0x0000000800000000)
  region size 4096K, 4 young (16384K), 3 survivors (12288K)
 Metaspace       used 26973K, committed 27200K, reserved 1114112K
  class space    used 3224K, committed 3328K, reserved 1048576K
}
Event: 1.115 GC heap after
{Heap after GC invocations=6 (full 0):
 garbage-first heap   total 81920K, used 17581K [0x000000060f400000, 0x0000000800000000)
  region size 4096K, 1 young (4096K), 1 survivors (4096K)
 Metaspace       used 26973K, committed 27200K, reserved 1114112K
  class space    used 3224K, committed 3328K, reserved 1048576K
}
Event: 1.423 GC heap before
{Heap before GC invocations=6 (full 0):
 garbage-first heap   total 81920K, used 54445K [0x000000060f400000, 0x0000000800000000)
  region size 4096K, 10 young (40960K), 1 survivors (4096K)
 Metaspace       used 30252K, committed 30592K, reserved 1114112K
  class space    used 3591K, committed 3776K, reserved 1048576K
}
Event: 1.443 GC heap after
{Heap after GC invocations=7 (full 0):
 garbage-first heap   total 299008K, used 22417K [0x000000060f400000, 0x0000000800000000)
  region size 4096K, 2 young (8192K), 2 survivors (8192K)
 Metaspace       used 30252K, committed 30592K, reserved 1114112K
  class space    used 3591K, committed 3776K, reserved 1048576K
}

