# JRE version: OpenJDK Runtime Environment (17.0.13+11) (build 17.0.13+11-Debian-2deb12u1)
# Java VM: OpenJDK 64-Bit Server VM (17.0.13+11-Debian-2deb12u1, mixed mode, sharing, tiered, compressed oops, compressed class ptrs, g1 gc, linux-amd64)
GC Precious Log:
 CPUs: 20 total, 20 available
 Memory: 31782M
 Large Page Support: Disabled
 NUMA Support: Disabled
 Compressed Oops: Enabled (Zero based)
 Heap Region Size: 4M
 Heap Min Capacity: 8M
 Heap Initial Capacity: 500M
 Heap Max Capacity: 7948M
 Pre-touch: Disabled
 Parallel Workers: 15
 Concurrent Workers: 4
 Concurrent Refinement Workers: 15
 Periodic GC: Disabled
Heap:
 garbage-first heap   total 299008K, used 21401K [0x000000060f400000, 0x0000000800000000)
  region size 4096K, 3 young (12288K), 2 survivors (8192K)
 Metaspace       used 30253K, committed 30592K, reserved 1114112K
  class space    used 3585K, committed 3776K, reserved 1048576K
GC Heap History (12 events):
Event: 0.195 GC heap before
{Heap before GC invocations=0 (full 0):
 garbage-first heap   total 520192K, used 28592K [0x000000060f400000, 0x0000000800000000)
  region size 4096K, 6 young (24576K), 0 survivors (0K)
 Metaspace       used 5558K, committed 5760K, reserved 1114112K
  class space    used 676K, committed 768K, reserved 1048576K
}
Event: 0.197 GC heap after
{Heap after GC invocations=1 (full 0):
 garbage-first heap   total 520192K, used 7255K [0x000000060f400000, 0x0000000800000000)
  region size 4096K, 1 young (4096K), 1 survivors (4096K)
 Metaspace       used 5558K, committed 5760K, reserved 1114112K
  class space    used 676K, committed 768K, reserved 1048576K
}
Event: 0.354 GC heap before
{Heap before GC invocations=1 (full 0):
 garbage-first heap   total 520192K, used 35927K [0x000000060f400000, 0x0000000800000000)
  region size 4096K, 8 young (32768K), 1 survivors (4096K)
 Metaspace       used 9784K, committed 9920K, reserved 1114112K
  class space    used 1196K, committed 1280K, reserved 1048576K
}
Event: 0.356 GC heap after
{Heap after GC invocations=2 (full 0):
 garbage-first heap   total 520192K, used 8650K [0x000000060f400000, 0x0000000800000000)
  region size 4096K, 1 young (4096K), 1 survivors (4096K)
 Metaspace       used 9784K, committed 9920K, reserved 1114112K
  class space    used 1196K, committed 1280K, reserved 1048576K
}
Event: 0.805 GC heap before
{Heap before GC invocations=2 (full 0):
 garbage-first heap   total 520192K, used 82378K [0x000000060f400000, 0x0000000800000000)
  region size 4096K, 20 young (81920K), 1 survivors (4096K)
 Metaspace       used 21319K, committed 21504K, reserved 1114112K
  class space    used 2596K, committed 2688K, reserved 1048576K
}
Event: 0.809 GC heap after
{Heap after GC invocations=3 (full 0):
 garbage-first heap   total 520192K, used 14266K [0x000000060f400000, 0x0000000800000000)
  region size 4096K, 2 young (8192K), 2 survivors (8192K)
 Metaspace       used 21319K, committed 21504K, reserved 1114112K
  class space    used 2596K, committed 2688K, reserved 1048576K
}
Event: 1.048 GC heap before
{Heap before GC invocations=4 (full 0):
 garbage-first heap   total 81920K, used 59322K [0x000000060f400000, 0x0000000800000000)
  region size 4096K, 14 young (57344K), 2 survivors (8192K)
 Metaspace       used 26787K, committed 27072K, reserved 1114112K
  class space    used 3218K, committed 3328K, reserved 1048576K
}
Event: 1.053 GC heap after
{Heap after GC invocations=5 (full 0):
 garbage-first heap   total 81920K, used 16445K [0x000000060f400000, 0x0000000800000000)
  region size 4096K, 3 young (12288K), 3 survivors (12288K)
 Metaspace       used 26787K, committed 27072K, reserved 1114112K
  class space    used 3218K, committed 3328K, reserved 1048576K
}
Event: 1.067 GC heap before
{Heap before GC invocations=5 (full 0):
 garbage-first heap   total 81920K, used 20541K [0x000000060f400000, 0x0000000800000000)
  region size 4096K, 4 young (16384K), 3 survivors (12288K)
 Metaspace       used 26867K, committed 27136K, reserved 1114112K
  class space    used 3218K, committed 3328K, reserved 1048576K
}
Event: 1.071 GC heap after
{Heap after GC invocations=6 (full 0):
 garbage-first heap   total 81920K, used 17031K [0x000000060f400000, 0x0000000800000000)
  region size 4096K, 1 young (4096K), 1 survivors (4096K)
 Metaspace       used 26867K, committed 27136K, reserved 1114112K
  class space    used 3218K, committed 3328K, reserved 1048576K
}
Event: 1.344 GC heap before
{Heap before GC invocations=6 (full 0):
 garbage-first heap   total 81920K, used 53895K [0x000000060f400000, 0x0000000800000000)
  region size 4096K, 10 young (40960K), 1 survivors (4096K)
 Metaspace       used 30248K, committed 30592K, reserved 1114112K
  class space    used 3585K, committed 3776K, reserved 1048576K
}
Event: 1.358 GC heap after
{Heap after GC invocations=7 (full 0):
 garbage-first heap   total 299008K, used 21401K [0x000000060f400000, 0x0000000800000000)
  region size 4096K, 2 young (8192K), 2 survivors (8192K)
 Metaspace       used 30248K, committed 30592K, reserved 1114112K
  class space    used 3585K, committed 3776K, reserved 1048576K
}

