# JRE version: OpenJDK Runtime Environment (17.0.13+11) (build 17.0.13+11-Debian-2deb12u1)
# Java VM: OpenJDK 64-Bit Server VM (17.0.13+11-Debian-2deb12u1, mixed mode, sharing, tiered, compressed oops, compressed class ptrs, g1 gc, linux-amd64)
GC Precious Log:
 CPUs: 20 total, 20 available
 Memory: 31782M
 Large Page Support: Disabled
 NUMA Support: Disabled
 Compressed Oops: Enabled (Zero based)
 Heap Region Size: 4M
 Heap Min Capacity: 8M
 Heap Initial Capacity: 500M
 Heap Max Capacity: 7948M
 Pre-touch: Disabled
 Parallel Workers: 15
 Concurrent Workers: 4
 Concurrent Refinement Workers: 15
 Periodic GC: Disabled
Heap:
 garbage-first heap   total 299008K, used 23667K [0x000000060f400000, 0x0000000800000000)
  region size 4096K, 3 young (12288K), 2 survivors (8192K)
 Metaspace       used 29527K, committed 29760K, reserved 1114112K
  class space    used 3490K, committed 3584K, reserved 1048576K
GC Heap History (12 events):
Event: 0.202 GC heap before
{Heap before GC invocations=0 (full 0):
 garbage-first heap   total 520192K, used 28592K [0x000000060f400000, 0x0000000800000000)
  region size 4096K, 6 young (24576K), 0 survivors (0K)
 Metaspace       used 5535K, committed 5760K, reserved 1114112K
  class space    used 672K, committed 768K, reserved 1048576K
}
Event: 0.204 GC heap after
{Heap after GC invocations=1 (full 0):
 garbage-first heap   total 520192K, used 7239K [0x000000060f400000, 0x0000000800000000)
  region size 4096K, 1 young (4096K), 1 survivors (4096K)
 Metaspace       used 5535K, committed 5760K, reserved 1114112K
  class space    used 672K, committed 768K, reserved 1048576K
}
Event: 0.354 GC heap before
{Heap before GC invocations=1 (full 0):
 garbage-first heap   total 520192K, used 35911K [0x000000060f400000, 0x0000000800000000)
  region size 4096K, 8 young (32768K), 1 survivors (4096K)
 Metaspace       used 9781K, committed 9920K, reserved 1114112K
  class space    used 1194K, committed 1280K, reserved 1048576K
}
Event: 0.356 GC heap after
{Heap after GC invocations=2 (full 0):
 garbage-first heap   total 520192K, used 8590K [0x000000060f400000, 0x0000000800000000)
  region size 4096K, 1 young (4096K), 1 survivors (4096K)
 Metaspace       used 9781K, committed 9920K, reserved 1114112K
  class space    used 1194K, committed 1280K, reserved 1048576K
}
Event: 0.810 GC heap before
{Heap before GC invocations=2 (full 0):
 garbage-first heap   total 520192K, used 82318K [0x000000060f400000, 0x0000000800000000)
  region size 4096K, 20 young (81920K), 1 survivors (4096K)
 Metaspace       used 21323K, committed 21504K, reserved 1114112K
  class space    used 2598K, committed 2688K, reserved 1048576K
}
Event: 0.814 GC heap after
{Heap after GC invocations=3 (full 0):
 garbage-first heap   total 520192K, used 14267K [0x000000060f400000, 0x0000000800000000)
  region size 4096K, 2 young (8192K), 2 survivors (8192K)
 Metaspace       used 21323K, committed 21504K, reserved 1114112K
  class space    used 2598K, committed 2688K, reserved 1048576K
}
Event: 1.023 GC heap before
{Heap before GC invocations=4 (full 0):
 garbage-first heap   total 81920K, used 59323K [0x000000060f400000, 0x0000000800000000)
  region size 4096K, 14 young (57344K), 2 survivors (8192K)
 Metaspace       used 26469K, committed 26752K, reserved 1114112K
  class space    used 3160K, committed 3264K, reserved 1048576K
}
Event: 1.028 GC heap after
{Heap after GC invocations=5 (full 0):
 garbage-first heap   total 81920K, used 16454K [0x000000060f400000, 0x0000000800000000)
  region size 4096K, 3 young (12288K), 3 survivors (12288K)
 Metaspace       used 26469K, committed 26752K, reserved 1114112K
  class space    used 3160K, committed 3264K, reserved 1048576K
}
Event: 1.035 GC heap before
{Heap before GC invocations=5 (full 0):
 garbage-first heap   total 81920K, used 20550K [0x000000060f400000, 0x0000000800000000)
  region size 4096K, 4 young (16384K), 3 survivors (12288K)
 Metaspace       used 26484K, committed 26752K, reserved 1114112K
  class space    used 3160K, committed 3264K, reserved 1048576K
}
Event: 1.041 GC heap after
{Heap after GC invocations=6 (full 0):
 garbage-first heap   total 81920K, used 17408K [0x000000060f400000, 0x0000000800000000)
  region size 4096K, 1 young (4096K), 1 survivors (4096K)
 Metaspace       used 26484K, committed 26752K, reserved 1114112K
  class space    used 3160K, committed 3264K, reserved 1048576K
}
Event: 1.558 GC heap before
{Heap before GC invocations=6 (full 0):
 garbage-first heap   total 81920K, used 54272K [0x000000060f400000, 0x0000000800000000)
  region size 4096K, 10 young (40960K), 1 survivors (4096K)
 Metaspace       used 29519K, committed 29760K, reserved 1114112K
  class space    used 3490K, committed 3584K, reserved 1048576K
}
Event: 1.582 GC heap after
{Heap after GC invocations=7 (full 0):
 garbage-first heap   total 299008K, used 23667K [0x000000060f400000, 0x0000000800000000)
  region size 4096K, 2 young (8192K), 2 survivors (8192K)
 Metaspace       used 29519K, committed 29760K, reserved 1114112K
  class space    used 3490K, committed 3584K, reserved 1048576K
}

